[20:58:08] [main/INFO]: Logging in with username & password
[20:58:17] [main/ERROR]: Can't find the resource index file: C:\Users\Joshua\.gradle\caches\minecraft\assets\virtual\{ASSET_INDEX}\indexes\{ASSET_INDEX}.json
[20:58:17] [main/INFO]: Setting user: minercraftstyle
[20:58:19] [Client thread/INFO]: LWJGL Version: 2.9.1
[20:58:25] [Client thread/INFO]: Reloading ResourceManager: Default, FMLFileResourcePack:Forge Mod Loader, FMLFileResourcePack:Minecraft Forge, FMLFileResourcePack:Lets Mod Reboot
[20:58:26] [Sound Library Loader/INFO]: Sound engine started
[20:58:27] [Client thread/INFO]: Created: 512x256 textures/blocks-atlas
[20:58:27] [Client thread/INFO]: Created: 256x256 textures/items-atlas
[20:58:27] [Client thread/INFO]: Reloading ResourceManager: Default, FMLFileResourcePack:Forge Mod Loader, FMLFileResourcePack:Minecraft Forge, FMLFileResourcePack:Lets Mod Reboot
[20:58:27] [Client thread/INFO]: Created: 256x256 textures/items-atlas
[20:58:27] [Client thread/INFO]: Created: 512x256 textures/blocks-atlas
[20:58:28] [Sound Library Loader/INFO]: Sound engine started
[20:58:33] [Client thread/WARN]: Unable to play unknown soundEvent: minecraft:music.menu
[20:58:55] [Client thread/WARN]: Unable to play unknown soundEvent: minecraft:gui.button.press
[20:58:56] [Client thread/WARN]: Unable to play unknown soundEvent: minecraft:gui.button.press
[20:58:57] [Server thread/INFO]: Starting integrated minecraft server version 1.7.10
[20:58:57] [Server thread/INFO]: Generating keypair
[20:58:57] [Server thread/INFO]: Preparing start region for level 0
[20:58:58] [Server thread/INFO]: Changing view distance to 12, from 10
[20:58:59] [Server thread/INFO]: minercraftstyle[local:E:0277df5a] logged in with entity id 177 at (330.69999998807907, 4.0, 1576.3773986409933)
[20:58:59] [Server thread/INFO]: minercraftstyle joined the game
[20:59:02] [Client thread/WARN]: Unable to play unknown soundEvent: minecraft:music.game.creative
[20:59:24] [Client thread/WARN]: Unable to play unknown soundEvent: minecraft:dig.grass
[20:59:35] [Client thread/WARN]: Unable to play unknown soundEvent: minecraft:dig.grass
[20:59:43] [Client thread/WARN]: Unable to play unknown soundEvent: minecraft:dig.grass
[20:59:45] [Client thread/WARN]: Unable to play unknown soundEvent: minecraft:dig.grass
[20:59:46] [Client thread/WARN]: Unable to play unknown soundEvent: minecraft:dig.grass
[20:59:51] [Client thread/WARN]: Unable to play unknown soundEvent: minecraft:dig.grass
[21:00:00] [Client thread/WARN]: Unable to play unknown soundEvent: minecraft:dig.grass
[21:00:01] [Client thread/WARN]: Unable to play unknown soundEvent: minecraft:dig.grass
[21:00:05] [Client thread/WARN]: Unable to play unknown soundEvent: minecraft:music.game.creative
[21:00:13] [Client thread/WARN]: Unable to play unknown soundEvent: minecraft:dig.grass
[21:00:14] [Client thread/WARN]: Unable to play unknown soundEvent: minecraft:dig.grass
[21:00:44] [Client thread/WARN]: Unable to play unknown soundEvent: minecraft:dig.grass
[21:00:51] [Server thread/INFO]: Saving and pausing game...
[21:00:51] [Server thread/INFO]: Saving chunks for level 'New World'/Overworld
[21:00:51] [Server thread/INFO]: Saving chunks for level 'New World'/Nether
[21:00:51] [Server thread/INFO]: Saving chunks for level 'New World'/The End
[21:00:52] [Client thread/WARN]: Unable to play unknown soundEvent: minecraft:gui.button.press
[21:00:52] [Server thread/INFO]: Stopping server
[21:00:52] [Server thread/INFO]: Saving players
[21:00:52] [Server thread/INFO]: Saving worlds
[21:00:52] [Server thread/INFO]: Saving chunks for level 'New World'/Overworld
[21:00:52] [Server thread/INFO]: Saving chunks for level 'New World'/Nether
[21:00:52] [Server thread/INFO]: Saving chunks for level 'New World'/The End
[21:01:19] [Client thread/WARN]: Unable to play unknown soundEvent: minecraft:gui.button.press
[21:01:19] [Client thread/INFO]: Stopping!
